2020-06-03 20:09:13,303 [Worker-3] INFO  o.e.m.c.i.l.LifecycleMappingFactory - Using org.maven.ide.eclipse.wtp.WarLifecycleMapping lifecycle mapping for MavenProject: com.city.rest:diabetes:1.0-SNAPSHOT @ C:\Users\Fin\Documents\NetBeansProjects\diabetes\pom.xml.
2020-06-03 20:10:26,875 [Worker-3] INFO  o.e.m.c.i.l.LifecycleMappingFactory - Using org.maven.ide.eclipse.wtp.WarLifecycleMapping lifecycle mapping for MavenProject: com.city.rest:diabetes:1.0-SNAPSHOT @ C:\Users\Fin\Documents\NetBeansProjects\diabetes\pom.xml.
2020-06-03 20:10:29,519 [Worker-3] INFO  o.e.m.j.i.AbstractJavaProjectConfigurator - Adding source folder /diabetes/src/main/java
2020-06-03 20:10:29,520 [Worker-3] INFO  o.e.m.j.i.AbstractJavaProjectConfigurator - Adding resource folder /diabetes/src/main/resources
2020-06-03 20:10:29,521 [Worker-3] INFO  o.e.m.j.i.AbstractJavaProjectConfigurator - Adding source folder /diabetes/src/test/java
2020-06-03 20:10:31,347 [Worker-3] INFO  o.e.m.c.i.p.ProjectConfigurationManager - Imported and configured 1 project(s) in 5 sec
2020-06-03 20:15:38,046 [Worker-3] INFO  o.e.m.i.launch.MavenLaunchDelegate - C:\Users\Fin\Documents\NetBeansProjects\diabetes
2020-06-03 20:15:38,047 [Worker-3] INFO  o.e.m.i.launch.MavenLaunchDelegate -  mvn  -B clean
2020-06-03 20:16:03,945 [Worker-20] INFO  o.e.m.i.launch.MavenLaunchDelegate - C:\Users\Fin\Documents\NetBeansProjects\diabetes
2020-06-03 20:16:03,946 [Worker-20] INFO  o.e.m.i.launch.MavenLaunchDelegate -  mvn  -B install
2020-06-03 20:16:59,214 [Worker-8] INFO  o.e.m.i.launch.MavenLaunchDelegate - C:\Users\Fin\Documents\NetBeansProjects\diabetes
2020-06-03 20:16:59,215 [Worker-8] INFO  o.e.m.i.launch.MavenLaunchDelegate -  mvn  -B install
2020-06-03 20:42:24,543 [Worker-9] INFO  o.e.m.c.i.embedder.EclipseLogger - Using 'UTF-8' encoding to copy filtered resources.
2020-06-03 20:42:24,566 [Worker-9] INFO  o.e.m.c.i.embedder.EclipseLogger - Copying 1 resource
2020-06-03 20:42:24,605 [Worker-9] INFO  o.e.m.c.i.embedder.EclipseLogger - Using 'UTF-8' encoding to copy filtered resources.
2020-06-03 20:42:24,606 [Worker-9] INFO  o.e.m.c.i.embedder.EclipseLogger - skip non existing resourceDirectory C:\Users\Fin\Documents\NetBeansProjects\diabetes\src\test\resources
2020-06-03 20:42:24,632 [Worker-9] INFO  o.e.m.w.i.f.ResourceFilteringBuildParticipant - Changed resources require a complete clean of filtered resources of diabetes
2020-06-03 20:42:24,634 [Worker-9] INFO  o.e.m.w.i.f.ResourceFilteringBuildParticipant - Executing resource filtering for diabetes
2020-06-03 20:42:24,852 [Worker-9] INFO  o.e.m.c.i.embedder.EclipseLogger - Using 'UTF-8' encoding to copy filtered resources.
2020-06-03 20:44:01,789 [Worker-10] INFO  o.e.m.c.i.embedder.EclipseLogger - Using 'UTF-8' encoding to copy filtered resources.
2020-06-03 20:44:01,795 [Worker-10] INFO  o.e.m.c.i.embedder.EclipseLogger - Copying 1 resource
2020-06-03 20:44:01,797 [Worker-10] INFO  o.e.m.c.i.embedder.EclipseLogger - Using 'UTF-8' encoding to copy filtered resources.
2020-06-03 20:44:01,797 [Worker-10] INFO  o.e.m.c.i.embedder.EclipseLogger - skip non existing resourceDirectory C:\Users\Fin\Documents\NetBeansProjects\diabetes\src\test\resources
2020-06-03 20:57:09,243 [Worker-26] INFO  o.e.m.c.i.embedder.EclipseLogger - Using 'UTF-8' encoding to copy filtered resources.
2020-06-03 20:57:09,244 [Worker-26] INFO  o.e.m.c.i.embedder.EclipseLogger - Copying 1 resource
2020-06-03 20:57:09,246 [Worker-26] INFO  o.e.m.c.i.embedder.EclipseLogger - Using 'UTF-8' encoding to copy filtered resources.
2020-06-03 20:57:09,246 [Worker-26] INFO  o.e.m.c.i.embedder.EclipseLogger - skip non existing resourceDirectory C:\Users\Fin\Documents\NetBeansProjects\diabetes\src\test\resources
2020-06-03 21:00:17,390 [Worker-28] INFO  o.e.m.c.i.embedder.EclipseLogger - Using 'UTF-8' encoding to copy filtered resources.
2020-06-03 21:00:17,393 [Worker-28] INFO  o.e.m.c.i.embedder.EclipseLogger - Copying 1 resource
2020-06-03 21:00:17,395 [Worker-28] INFO  o.e.m.c.i.embedder.EclipseLogger - Using 'UTF-8' encoding to copy filtered resources.
2020-06-03 21:00:17,395 [Worker-28] INFO  o.e.m.c.i.embedder.EclipseLogger - skip non existing resourceDirectory C:\Users\Fin\Documents\NetBeansProjects\diabetes\src\test\resources
2020-06-03 21:22:27,769 [Worker-33] INFO  o.e.m.c.i.l.LifecycleMappingFactory - Using org.maven.ide.eclipse.wtp.WarLifecycleMapping lifecycle mapping for MavenProject: com.city.rest:diabetes:1.0-SNAPSHOT @ C:\Users\Fin\Documents\NetBeansProjects\diabetes\pom.xml.
2020-06-03 21:22:30,959 [Worker-33] INFO  o.e.m.c.i.embedder.EclipseLogger - Using 'UTF-8' encoding to copy filtered resources.
2020-06-03 21:22:30,962 [Worker-33] INFO  o.e.m.c.i.embedder.EclipseLogger - Copying 0 resource
2020-06-03 21:22:30,966 [Worker-33] INFO  o.e.m.c.i.embedder.EclipseLogger - Using 'UTF-8' encoding to copy filtered resources.
2020-06-03 21:22:30,966 [Worker-33] INFO  o.e.m.c.i.embedder.EclipseLogger - skip non existing resourceDirectory C:\Users\Fin\Documents\NetBeansProjects\diabetes\src\test\resources
2020-06-03 21:22:30,967 [Worker-33] INFO  o.e.m.w.i.f.ResourceFilteringBuildParticipant - Changed resources require a complete clean of filtered resources of diabetes
2020-06-03 21:22:30,967 [Worker-33] INFO  o.e.m.w.i.f.ResourceFilteringBuildParticipant - Executing resource filtering for diabetes
2020-06-03 21:22:30,977 [Worker-33] WARN  o.e.m.c.i.embedder.EclipseLogger - The POM for com.heroku.sdk:heroku-maven-plugin:jar:3.0.2 is missing, no dependency information available
2020-06-03 21:22:30,983 [Worker-33] WARN  o.e.m.c.i.embedder.EclipseLogger - Failed to retrieve plugin descriptor for com.heroku.sdk:heroku-maven-plugin:3.0.2: Plugin com.heroku.sdk:heroku-maven-plugin:3.0.2 or one of its dependencies could not be resolved: Cannot access central (https://repo.maven.apache.org/maven2) in offline mode and the artifact com.heroku.sdk:heroku-maven-plugin:jar:3.0.2 has not been downloaded from it before.
2020-06-03 21:22:30,988 [Worker-33] WARN  o.e.m.c.i.embedder.EclipseLogger - The POM for com.heroku.sdk:heroku-maven-plugin:jar:3.0.2 is missing, no dependency information available
2020-06-03 21:22:30,992 [Worker-33] WARN  o.e.m.c.i.embedder.EclipseLogger - Failed to retrieve plugin descriptor for com.heroku.sdk:heroku-maven-plugin:3.0.2: Plugin com.heroku.sdk:heroku-maven-plugin:3.0.2 or one of its dependencies could not be resolved: Cannot access central (https://repo.maven.apache.org/maven2) in offline mode and the artifact com.heroku.sdk:heroku-maven-plugin:jar:3.0.2 has not been downloaded from it before.
2020-06-03 21:22:30,997 [Worker-33] INFO  o.e.m.c.i.embedder.EclipseLogger - Using 'UTF-8' encoding to copy filtered resources.
2020-06-03 21:22:34,373 [Worker-32] INFO  o.e.m.c.i.l.LifecycleMappingFactory - Using org.maven.ide.eclipse.wtp.WarLifecycleMapping lifecycle mapping for MavenProject: com.city.rest:diabetes:1.0-SNAPSHOT @ C:\Users\Fin\Documents\NetBeansProjects\diabetes\pom.xml.
2020-06-03 21:22:36,777 [Worker-32] INFO  o.e.m.c.i.embedder.EclipseLogger - Using 'UTF-8' encoding to copy filtered resources.
2020-06-03 21:22:36,778 [Worker-32] INFO  o.e.m.c.i.embedder.EclipseLogger - Copying 0 resource
2020-06-03 21:22:36,780 [Worker-32] INFO  o.e.m.c.i.embedder.EclipseLogger - Using 'UTF-8' encoding to copy filtered resources.
2020-06-03 21:22:36,781 [Worker-32] INFO  o.e.m.c.i.embedder.EclipseLogger - skip non existing resourceDirectory C:\Users\Fin\Documents\NetBeansProjects\diabetes\src\test\resources
2020-06-03 21:22:36,781 [Worker-32] INFO  o.e.m.w.i.f.ResourceFilteringBuildParticipant - Changed resources require a complete clean of filtered resources of diabetes
2020-06-03 21:22:36,781 [Worker-32] INFO  o.e.m.w.i.f.ResourceFilteringBuildParticipant - Executing resource filtering for diabetes
2020-06-03 21:22:36,785 [Worker-32] WARN  o.e.m.c.i.embedder.EclipseLogger - The POM for com.heroku.sdk:heroku-maven-plugin:jar:3.0.2 is missing, no dependency information available
2020-06-03 21:22:36,789 [Worker-32] WARN  o.e.m.c.i.embedder.EclipseLogger - Failed to retrieve plugin descriptor for com.heroku.sdk:heroku-maven-plugin:3.0.2: Plugin com.heroku.sdk:heroku-maven-plugin:3.0.2 or one of its dependencies could not be resolved: Cannot access central (https://repo.maven.apache.org/maven2) in offline mode and the artifact com.heroku.sdk:heroku-maven-plugin:jar:3.0.2 has not been downloaded from it before.
2020-06-03 21:22:36,792 [Worker-32] WARN  o.e.m.c.i.embedder.EclipseLogger - The POM for com.heroku.sdk:heroku-maven-plugin:jar:3.0.2 is missing, no dependency information available
2020-06-03 21:22:36,796 [Worker-32] WARN  o.e.m.c.i.embedder.EclipseLogger - Failed to retrieve plugin descriptor for com.heroku.sdk:heroku-maven-plugin:3.0.2: Plugin com.heroku.sdk:heroku-maven-plugin:3.0.2 or one of its dependencies could not be resolved: Cannot access central (https://repo.maven.apache.org/maven2) in offline mode and the artifact com.heroku.sdk:heroku-maven-plugin:jar:3.0.2 has not been downloaded from it before.
2020-06-03 21:22:36,799 [Worker-32] INFO  o.e.m.c.i.embedder.EclipseLogger - Using 'UTF-8' encoding to copy filtered resources.
2020-06-03 21:24:16,683 [Worker-38] INFO  o.e.m.c.i.l.LifecycleMappingFactory - Using org.maven.ide.eclipse.wtp.WarLifecycleMapping lifecycle mapping for MavenProject: com.city.rest:diabetes:1.0-SNAPSHOT @ C:\Users\Fin\Documents\NetBeansProjects\diabetes\pom.xml.
2020-06-03 21:24:19,072 [Worker-38] INFO  o.e.m.c.i.embedder.EclipseLogger - Using 'UTF-8' encoding to copy filtered resources.
2020-06-03 21:24:19,073 [Worker-38] INFO  o.e.m.c.i.embedder.EclipseLogger - Copying 0 resource
2020-06-03 21:24:19,075 [Worker-38] INFO  o.e.m.c.i.embedder.EclipseLogger - Using 'UTF-8' encoding to copy filtered resources.
2020-06-03 21:24:19,075 [Worker-38] INFO  o.e.m.c.i.embedder.EclipseLogger - skip non existing resourceDirectory C:\Users\Fin\Documents\NetBeansProjects\diabetes\src\test\resources
2020-06-03 21:24:19,076 [Worker-38] INFO  o.e.m.w.i.f.ResourceFilteringBuildParticipant - Changed resources require a complete clean of filtered resources of diabetes
2020-06-03 21:24:19,076 [Worker-38] INFO  o.e.m.w.i.f.ResourceFilteringBuildParticipant - Executing resource filtering for diabetes
2020-06-03 21:24:19,080 [Worker-38] WARN  o.e.m.c.i.embedder.EclipseLogger - The POM for com.heroku.sdk:heroku-maven-plugin:jar:3.0.2 is missing, no dependency information available
2020-06-03 21:24:19,083 [Worker-38] WARN  o.e.m.c.i.embedder.EclipseLogger - Failed to retrieve plugin descriptor for com.heroku.sdk:heroku-maven-plugin:3.0.2: Plugin com.heroku.sdk:heroku-maven-plugin:3.0.2 or one of its dependencies could not be resolved: Cannot access central (https://repo.maven.apache.org/maven2) in offline mode and the artifact com.heroku.sdk:heroku-maven-plugin:jar:3.0.2 has not been downloaded from it before.
2020-06-03 21:24:19,087 [Worker-38] WARN  o.e.m.c.i.embedder.EclipseLogger - The POM for com.heroku.sdk:heroku-maven-plugin:jar:3.0.2 is missing, no dependency information available
2020-06-03 21:24:19,091 [Worker-38] WARN  o.e.m.c.i.embedder.EclipseLogger - Failed to retrieve plugin descriptor for com.heroku.sdk:heroku-maven-plugin:3.0.2: Plugin com.heroku.sdk:heroku-maven-plugin:3.0.2 or one of its dependencies could not be resolved: Cannot access central (https://repo.maven.apache.org/maven2) in offline mode and the artifact com.heroku.sdk:heroku-maven-plugin:jar:3.0.2 has not been downloaded from it before.
2020-06-03 21:24:19,095 [Worker-38] INFO  o.e.m.c.i.embedder.EclipseLogger - Using 'UTF-8' encoding to copy filtered resources.
2020-06-03 21:25:31,399 [Worker-40] INFO  o.e.m.c.i.l.LifecycleMappingFactory - Using org.maven.ide.eclipse.wtp.WarLifecycleMapping lifecycle mapping for MavenProject: com.city.rest:diabetes:1.0-SNAPSHOT @ C:\Users\Fin\Documents\NetBeansProjects\diabetes\pom.xml.
2020-06-03 21:25:33,587 [Worker-40] INFO  o.e.m.c.i.embedder.EclipseLogger - Using 'UTF-8' encoding to copy filtered resources.
2020-06-03 21:25:33,589 [Worker-40] INFO  o.e.m.c.i.embedder.EclipseLogger - Copying 0 resource
2020-06-03 21:25:33,591 [Worker-40] INFO  o.e.m.c.i.embedder.EclipseLogger - Using 'UTF-8' encoding to copy filtered resources.
2020-06-03 21:25:33,591 [Worker-40] INFO  o.e.m.c.i.embedder.EclipseLogger - skip non existing resourceDirectory C:\Users\Fin\Documents\NetBeansProjects\diabetes\src\test\resources
2020-06-03 21:25:33,592 [Worker-40] INFO  o.e.m.w.i.f.ResourceFilteringBuildParticipant - Changed resources require a complete clean of filtered resources of diabetes
2020-06-03 21:25:33,592 [Worker-40] INFO  o.e.m.w.i.f.ResourceFilteringBuildParticipant - Executing resource filtering for diabetes
2020-06-03 21:25:33,596 [Worker-40] WARN  o.e.m.c.i.embedder.EclipseLogger - The POM for com.heroku.sdk:heroku-maven-plugin:jar:3.0.2 is missing, no dependency information available
2020-06-03 21:25:33,599 [Worker-40] WARN  o.e.m.c.i.embedder.EclipseLogger - Failed to retrieve plugin descriptor for com.heroku.sdk:heroku-maven-plugin:3.0.2: Plugin com.heroku.sdk:heroku-maven-plugin:3.0.2 or one of its dependencies could not be resolved: Cannot access central (https://repo.maven.apache.org/maven2) in offline mode and the artifact com.heroku.sdk:heroku-maven-plugin:jar:3.0.2 has not been downloaded from it before.
2020-06-03 21:25:33,605 [Worker-40] WARN  o.e.m.c.i.embedder.EclipseLogger - The POM for com.heroku.sdk:heroku-maven-plugin:jar:3.0.2 is missing, no dependency information available
2020-06-03 21:25:33,608 [Worker-40] WARN  o.e.m.c.i.embedder.EclipseLogger - Failed to retrieve plugin descriptor for com.heroku.sdk:heroku-maven-plugin:3.0.2: Plugin com.heroku.sdk:heroku-maven-plugin:3.0.2 or one of its dependencies could not be resolved: Cannot access central (https://repo.maven.apache.org/maven2) in offline mode and the artifact com.heroku.sdk:heroku-maven-plugin:jar:3.0.2 has not been downloaded from it before.
2020-06-03 21:25:33,611 [Worker-40] INFO  o.e.m.c.i.embedder.EclipseLogger - Using 'UTF-8' encoding to copy filtered resources.
2020-06-03 21:25:58,434 [main] INFO  o.e.m2e.actions.ExecutePomAction - Creating new launch configuration
2020-06-03 21:26:06,177 [Worker-38] INFO  o.e.m.i.launch.MavenLaunchDelegate - C:\Users\Fin\Documents\NetBeansProjects\diabetes
2020-06-03 21:26:06,178 [Worker-38] INFO  o.e.m.i.launch.MavenLaunchDelegate -  mvn  -B clean heroku:deploy-war
2020-06-03 21:33:35,732 [Worker-32] INFO  o.e.m.c.i.l.LifecycleMappingFactory - Using org.maven.ide.eclipse.wtp.WarLifecycleMapping lifecycle mapping for MavenProject: com.city.rest:diabetes:1.0-SNAPSHOT @ C:\Users\Fin\Documents\NetBeansProjects\diabetes\pom.xml.
2020-06-03 21:33:38,360 [Worker-32] INFO  o.e.m.c.i.embedder.EclipseLogger - Using 'UTF-8' encoding to copy filtered resources.
2020-06-03 21:33:38,362 [Worker-32] INFO  o.e.m.c.i.embedder.EclipseLogger - Copying 0 resource
2020-06-03 21:33:38,364 [Worker-32] INFO  o.e.m.c.i.embedder.EclipseLogger - Using 'UTF-8' encoding to copy filtered resources.
2020-06-03 21:33:38,365 [Worker-32] INFO  o.e.m.c.i.embedder.EclipseLogger - skip non existing resourceDirectory C:\Users\Fin\Documents\NetBeansProjects\diabetes\src\test\resources
2020-06-03 21:33:38,365 [Worker-32] INFO  o.e.m.w.i.f.ResourceFilteringBuildParticipant - Changed resources require a complete clean of filtered resources of diabetes
2020-06-03 21:33:38,365 [Worker-32] INFO  o.e.m.w.i.f.ResourceFilteringBuildParticipant - Executing resource filtering for diabetes
2020-06-03 21:33:38,387 [Worker-32] INFO  o.e.m.c.i.embedder.EclipseLogger - Using 'UTF-8' encoding to copy filtered resources.
2020-06-03 21:34:50,638 [main] INFO  o.e.m2e.actions.ExecutePomAction - Using existing launch configuration
2020-06-03 21:34:50,722 [Worker-43] INFO  o.e.m.i.launch.MavenLaunchDelegate - C:\Users\Fin\Documents\NetBeansProjects\diabetes
2020-06-03 21:34:50,722 [Worker-43] INFO  o.e.m.i.launch.MavenLaunchDelegate -  mvn  -B clean heroku:deploy-war
2020-06-03 21:40:08,191 [main] INFO  o.e.m2e.actions.ExecutePomAction - Using existing launch configuration
2020-06-03 21:40:08,298 [Worker-44] INFO  o.e.m.i.launch.MavenLaunchDelegate - C:\Users\Fin\Documents\NetBeansProjects\diabetes
2020-06-03 21:40:08,299 [Worker-44] INFO  o.e.m.i.launch.MavenLaunchDelegate -  mvn  -B clean heroku:deploy-war
2020-06-03 21:45:42,338 [Worker-33] INFO  o.e.m.c.i.embedder.EclipseLogger - Using 'UTF-8' encoding to copy filtered resources.
2020-06-03 21:45:42,341 [Worker-33] INFO  o.e.m.c.i.embedder.EclipseLogger - Copying 0 resource
2020-06-03 21:45:42,343 [Worker-33] INFO  o.e.m.c.i.embedder.EclipseLogger - Using 'UTF-8' encoding to copy filtered resources.
2020-06-03 21:45:42,344 [Worker-33] INFO  o.e.m.c.i.embedder.EclipseLogger - skip non existing resourceDirectory C:\Users\Fin\Documents\NetBeansProjects\diabetes\src\test\resources
2020-06-03 21:45:43,365 [Worker-32] INFO  o.e.m.c.i.embedder.EclipseLogger - Using 'UTF-8' encoding to copy filtered resources.
2020-06-03 21:45:43,365 [Worker-32] INFO  o.e.m.c.i.embedder.EclipseLogger - Copying 0 resource
2020-06-03 21:45:43,367 [Worker-32] INFO  o.e.m.c.i.embedder.EclipseLogger - Using 'UTF-8' encoding to copy filtered resources.
2020-06-03 21:45:43,367 [Worker-32] INFO  o.e.m.c.i.embedder.EclipseLogger - skip non existing resourceDirectory C:\Users\Fin\Documents\NetBeansProjects\diabetes\src\test\resources
2020-06-03 21:45:50,305 [main] INFO  o.e.m2e.actions.ExecutePomAction - Using existing launch configuration
2020-06-03 21:45:50,434 [Worker-33] INFO  o.e.m.i.launch.MavenLaunchDelegate - C:\Users\Fin\Documents\NetBeansProjects\diabetes
2020-06-03 21:45:50,434 [Worker-33] INFO  o.e.m.i.launch.MavenLaunchDelegate -  mvn  -B clean heroku:deploy-war
2020-06-03 21:53:33,174 [Worker-49] INFO  o.e.m.c.i.l.LifecycleMappingFactory - Using org.maven.ide.eclipse.wtp.WarLifecycleMapping lifecycle mapping for MavenProject: com.city.rest:diabetes:1.0-SNAPSHOT @ C:\Users\Fin\Documents\NetBeansProjects\diabetes\pom.xml.
2020-06-03 21:53:36,271 [Worker-49] INFO  o.e.m.c.i.embedder.EclipseLogger - Using 'UTF-8' encoding to copy filtered resources.
2020-06-03 21:53:36,274 [Worker-49] INFO  o.e.m.c.i.embedder.EclipseLogger - Copying 0 resource
2020-06-03 21:53:36,276 [Worker-49] INFO  o.e.m.c.i.embedder.EclipseLogger - Using 'UTF-8' encoding to copy filtered resources.
2020-06-03 21:53:36,277 [Worker-49] INFO  o.e.m.c.i.embedder.EclipseLogger - skip non existing resourceDirectory C:\Users\Fin\Documents\NetBeansProjects\diabetes\src\test\resources
2020-06-03 21:53:36,277 [Worker-49] INFO  o.e.m.w.i.f.ResourceFilteringBuildParticipant - Changed resources require a complete clean of filtered resources of diabetes
2020-06-03 21:53:36,277 [Worker-49] INFO  o.e.m.w.i.f.ResourceFilteringBuildParticipant - Executing resource filtering for diabetes
2020-06-03 21:53:36,283 [Worker-49] INFO  o.e.m.c.i.embedder.EclipseLogger - Using 'UTF-8' encoding to copy filtered resources.
2020-06-03 21:53:47,539 [Worker-48] INFO  o.e.m.c.i.l.LifecycleMappingFactory - Using org.maven.ide.eclipse.wtp.WarLifecycleMapping lifecycle mapping for MavenProject: com.city.rest:diabetes:1.0-SNAPSHOT @ C:\Users\Fin\Documents\NetBeansProjects\diabetes\pom.xml.
2020-06-03 21:53:49,723 [Worker-48] INFO  o.e.m.c.i.embedder.EclipseLogger - Using 'UTF-8' encoding to copy filtered resources.
2020-06-03 21:53:49,724 [Worker-48] INFO  o.e.m.c.i.embedder.EclipseLogger - Copying 0 resource
2020-06-03 21:53:49,726 [Worker-48] INFO  o.e.m.c.i.embedder.EclipseLogger - Using 'UTF-8' encoding to copy filtered resources.
2020-06-03 21:53:49,726 [Worker-48] INFO  o.e.m.c.i.embedder.EclipseLogger - skip non existing resourceDirectory C:\Users\Fin\Documents\NetBeansProjects\diabetes\src\test\resources
2020-06-03 21:53:49,726 [Worker-48] INFO  o.e.m.w.i.f.ResourceFilteringBuildParticipant - Changed resources require a complete clean of filtered resources of diabetes
2020-06-03 21:53:49,727 [Worker-48] INFO  o.e.m.w.i.f.ResourceFilteringBuildParticipant - Executing resource filtering for diabetes
2020-06-03 21:53:49,731 [Worker-48] INFO  o.e.m.c.i.embedder.EclipseLogger - Using 'UTF-8' encoding to copy filtered resources.
2020-06-03 21:53:52,944 [Worker-49] INFO  o.e.m.c.i.l.LifecycleMappingFactory - Using org.maven.ide.eclipse.wtp.WarLifecycleMapping lifecycle mapping for MavenProject: com.city.rest:diabetes:1.0-SNAPSHOT @ C:\Users\Fin\Documents\NetBeansProjects\diabetes\pom.xml.
2020-06-03 21:53:55,161 [Worker-49] INFO  o.e.m.c.i.embedder.EclipseLogger - Using 'UTF-8' encoding to copy filtered resources.
2020-06-03 21:53:55,163 [Worker-49] INFO  o.e.m.c.i.embedder.EclipseLogger - Copying 0 resource
2020-06-03 21:53:55,165 [Worker-49] INFO  o.e.m.c.i.embedder.EclipseLogger - Using 'UTF-8' encoding to copy filtered resources.
2020-06-03 21:53:55,165 [Worker-49] INFO  o.e.m.c.i.embedder.EclipseLogger - skip non existing resourceDirectory C:\Users\Fin\Documents\NetBeansProjects\diabetes\src\test\resources
2020-06-03 21:53:55,166 [Worker-49] INFO  o.e.m.w.i.f.ResourceFilteringBuildParticipant - Changed resources require a complete clean of filtered resources of diabetes
2020-06-03 21:53:55,166 [Worker-49] INFO  o.e.m.w.i.f.ResourceFilteringBuildParticipant - Executing resource filtering for diabetes
2020-06-03 21:53:55,171 [Worker-49] INFO  o.e.m.c.i.embedder.EclipseLogger - Using 'UTF-8' encoding to copy filtered resources.
2020-06-03 21:54:05,084 [Worker-50] INFO  o.e.m.c.i.l.LifecycleMappingFactory - Using org.maven.ide.eclipse.wtp.WarLifecycleMapping lifecycle mapping for MavenProject: com.city.rest:diabetes:1.0-SNAPSHOT @ C:\Users\Fin\Documents\NetBeansProjects\diabetes\pom.xml.
2020-06-03 21:54:07,146 [Worker-50] INFO  o.e.m.c.i.embedder.EclipseLogger - Using 'UTF-8' encoding to copy filtered resources.
2020-06-03 21:54:07,147 [Worker-50] INFO  o.e.m.c.i.embedder.EclipseLogger - Copying 0 resource
2020-06-03 21:54:07,149 [Worker-50] INFO  o.e.m.c.i.embedder.EclipseLogger - Using 'UTF-8' encoding to copy filtered resources.
2020-06-03 21:54:07,149 [Worker-50] INFO  o.e.m.c.i.embedder.EclipseLogger - skip non existing resourceDirectory C:\Users\Fin\Documents\NetBeansProjects\diabetes\src\test\resources
2020-06-03 21:54:07,149 [Worker-50] INFO  o.e.m.w.i.f.ResourceFilteringBuildParticipant - Changed resources require a complete clean of filtered resources of diabetes
2020-06-03 21:54:07,149 [Worker-50] INFO  o.e.m.w.i.f.ResourceFilteringBuildParticipant - Executing resource filtering for diabetes
2020-06-03 21:54:07,153 [Worker-50] INFO  o.e.m.c.i.embedder.EclipseLogger - Using 'UTF-8' encoding to copy filtered resources.
2020-06-03 21:54:09,123 [Worker-48] INFO  o.e.m.c.i.l.LifecycleMappingFactory - Using org.maven.ide.eclipse.wtp.WarLifecycleMapping lifecycle mapping for MavenProject: com.city.rest:diabetes:1.0-SNAPSHOT @ C:\Users\Fin\Documents\NetBeansProjects\diabetes\pom.xml.
2020-06-03 21:54:11,296 [Worker-48] INFO  o.e.m.c.i.embedder.EclipseLogger - Using 'UTF-8' encoding to copy filtered resources.
2020-06-03 21:54:11,298 [Worker-48] INFO  o.e.m.c.i.embedder.EclipseLogger - Copying 0 resource
2020-06-03 21:54:11,299 [Worker-48] INFO  o.e.m.c.i.embedder.EclipseLogger - Using 'UTF-8' encoding to copy filtered resources.
2020-06-03 21:54:11,299 [Worker-48] INFO  o.e.m.c.i.embedder.EclipseLogger - skip non existing resourceDirectory C:\Users\Fin\Documents\NetBeansProjects\diabetes\src\test\resources
2020-06-03 21:54:11,300 [Worker-48] INFO  o.e.m.w.i.f.ResourceFilteringBuildParticipant - Changed resources require a complete clean of filtered resources of diabetes
2020-06-03 21:54:11,300 [Worker-48] INFO  o.e.m.w.i.f.ResourceFilteringBuildParticipant - Executing resource filtering for diabetes
2020-06-03 21:54:11,303 [Worker-48] INFO  o.e.m.c.i.embedder.EclipseLogger - Using 'UTF-8' encoding to copy filtered resources.
2020-06-03 21:55:42,949 [Worker-49] INFO  o.e.m.c.i.l.LifecycleMappingFactory - Using org.maven.ide.eclipse.wtp.WarLifecycleMapping lifecycle mapping for MavenProject: com.city.rest:diabetes:1.0-SNAPSHOT @ C:\Users\Fin\Documents\NetBeansProjects\diabetes\pom.xml.
2020-06-03 21:55:45,055 [Worker-49] INFO  o.e.m.c.i.embedder.EclipseLogger - Using 'UTF-8' encoding to copy filtered resources.
2020-06-03 21:55:45,057 [Worker-49] INFO  o.e.m.c.i.embedder.EclipseLogger - Copying 0 resource
2020-06-03 21:55:45,059 [Worker-49] INFO  o.e.m.c.i.embedder.EclipseLogger - Using 'UTF-8' encoding to copy filtered resources.
2020-06-03 21:55:45,059 [Worker-49] INFO  o.e.m.c.i.embedder.EclipseLogger - skip non existing resourceDirectory C:\Users\Fin\Documents\NetBeansProjects\diabetes\src\test\resources
2020-06-03 21:55:45,059 [Worker-49] INFO  o.e.m.w.i.f.ResourceFilteringBuildParticipant - Changed resources require a complete clean of filtered resources of diabetes
2020-06-03 21:55:45,059 [Worker-49] INFO  o.e.m.w.i.f.ResourceFilteringBuildParticipant - Executing resource filtering for diabetes
2020-06-03 21:55:45,063 [Worker-49] INFO  o.e.m.c.i.embedder.EclipseLogger - Using 'UTF-8' encoding to copy filtered resources.
2020-06-03 21:55:48,698 [main] INFO  o.e.m2e.actions.ExecutePomAction - Using existing launch configuration
2020-06-03 21:55:48,778 [Worker-46] INFO  o.e.m.i.launch.MavenLaunchDelegate - C:\Users\Fin\Documents\NetBeansProjects\diabetes
2020-06-03 21:55:48,779 [Worker-46] INFO  o.e.m.i.launch.MavenLaunchDelegate -  mvn  -B clean heroku:deploy-war
2020-06-03 22:02:20,359 [Worker-53] INFO  o.e.m.c.i.embedder.EclipseLogger - Using 'UTF-8' encoding to copy filtered resources.
2020-06-03 22:02:20,362 [Worker-53] INFO  o.e.m.c.i.embedder.EclipseLogger - Copying 0 resource
2020-06-03 22:02:20,364 [Worker-53] INFO  o.e.m.c.i.embedder.EclipseLogger - Using 'UTF-8' encoding to copy filtered resources.
2020-06-03 22:02:20,364 [Worker-53] INFO  o.e.m.c.i.embedder.EclipseLogger - skip non existing resourceDirectory C:\Users\Fin\Documents\NetBeansProjects\diabetes\src\test\resources
2020-06-03 22:02:25,905 [main] INFO  o.e.m2e.actions.ExecutePomAction - Creating new launch configuration
2020-06-03 22:02:41,876 [Worker-48] INFO  o.e.m.i.launch.MavenLaunchDelegate - C:\Users\Fin\Documents\NetBeansProjects\diabetes
2020-06-03 22:02:41,877 [Worker-48] INFO  o.e.m.i.launch.MavenLaunchDelegate -  mvn  -B clean heroku:deploy-war
2020-06-03 22:06:47,859 [Worker-54] INFO  o.e.m.c.i.embedder.EclipseLogger - Using 'UTF-8' encoding to copy filtered resources.
2020-06-03 22:06:47,860 [Worker-54] INFO  o.e.m.c.i.embedder.EclipseLogger - Copying 0 resource
2020-06-03 22:06:47,862 [Worker-54] INFO  o.e.m.c.i.embedder.EclipseLogger - Using 'UTF-8' encoding to copy filtered resources.
2020-06-03 22:06:47,862 [Worker-54] INFO  o.e.m.c.i.embedder.EclipseLogger - skip non existing resourceDirectory C:\Users\Fin\Documents\NetBeansProjects\diabetes\src\test\resources
2020-06-03 22:08:14,375 [Worker-54] INFO  o.e.m.c.i.embedder.EclipseLogger - Using 'UTF-8' encoding to copy filtered resources.
2020-06-03 22:08:14,376 [Worker-54] INFO  o.e.m.c.i.embedder.EclipseLogger - Copying 0 resource
2020-06-03 22:08:14,378 [Worker-54] INFO  o.e.m.c.i.embedder.EclipseLogger - Using 'UTF-8' encoding to copy filtered resources.
2020-06-03 22:08:14,379 [Worker-54] INFO  o.e.m.c.i.embedder.EclipseLogger - skip non existing resourceDirectory C:\Users\Fin\Documents\NetBeansProjects\diabetes\src\test\resources
2020-06-03 22:11:38,948 [Worker-59] INFO  o.e.m.c.i.embedder.EclipseLogger - Using 'UTF-8' encoding to copy filtered resources.
2020-06-03 22:11:38,949 [Worker-59] INFO  o.e.m.c.i.embedder.EclipseLogger - Copying 0 resource
2020-06-03 22:11:38,950 [Worker-59] INFO  o.e.m.c.i.embedder.EclipseLogger - Using 'UTF-8' encoding to copy filtered resources.
2020-06-03 22:11:38,951 [Worker-59] INFO  o.e.m.c.i.embedder.EclipseLogger - skip non existing resourceDirectory C:\Users\Fin\Documents\NetBeansProjects\diabetes\src\test\resources
2020-06-03 22:12:26,036 [Worker-61] INFO  o.e.m.i.launch.MavenLaunchDelegate - C:\Users\Fin\Documents\NetBeansProjects\diabetes
2020-06-03 22:12:26,037 [Worker-61] INFO  o.e.m.i.launch.MavenLaunchDelegate -  mvn  -B install
2020-06-03 22:12:33,122 [Worker-64] INFO  o.e.m.c.i.embedder.EclipseLogger - Using 'UTF-8' encoding to copy filtered resources.
2020-06-03 22:12:33,123 [Worker-64] INFO  o.e.m.c.i.embedder.EclipseLogger - Copying 1 resource
2020-06-03 22:12:33,129 [Worker-64] INFO  o.e.m.c.i.embedder.EclipseLogger - Using 'UTF-8' encoding to copy filtered resources.
2020-06-03 22:12:33,130 [Worker-64] INFO  o.e.m.c.i.embedder.EclipseLogger - skip non existing resourceDirectory C:\Users\Fin\Documents\NetBeansProjects\diabetes\src\test\resources
2020-06-03 22:13:35,874 [Worker-47] INFO  o.e.m.c.i.embedder.EclipseLogger - Using 'UTF-8' encoding to copy filtered resources.
2020-06-03 22:13:35,875 [Worker-47] INFO  o.e.m.c.i.embedder.EclipseLogger - Copying 0 resource
2020-06-03 22:13:35,877 [Worker-47] INFO  o.e.m.c.i.embedder.EclipseLogger - Using 'UTF-8' encoding to copy filtered resources.
2020-06-03 22:13:35,877 [Worker-47] INFO  o.e.m.c.i.embedder.EclipseLogger - skip non existing resourceDirectory C:\Users\Fin\Documents\NetBeansProjects\diabetes\src\test\resources
2020-06-03 22:20:48,588 [Worker-67] INFO  o.e.m.c.i.embedder.EclipseLogger - Using 'UTF-8' encoding to copy filtered resources.
2020-06-03 22:20:48,589 [Worker-67] INFO  o.e.m.c.i.embedder.EclipseLogger - Copying 0 resource
2020-06-03 22:20:48,590 [Worker-67] INFO  o.e.m.c.i.embedder.EclipseLogger - Using 'UTF-8' encoding to copy filtered resources.
2020-06-03 22:20:48,591 [Worker-67] INFO  o.e.m.c.i.embedder.EclipseLogger - skip non existing resourceDirectory C:\Users\Fin\Documents\NetBeansProjects\diabetes\src\test\resources
2020-06-03 22:23:42,075 [Worker-61] INFO  o.e.m.i.launch.MavenLaunchDelegate - C:\Users\Fin\Documents\NetBeansProjects\diabetes
2020-06-03 22:23:42,075 [Worker-61] INFO  o.e.m.i.launch.MavenLaunchDelegate -  mvn  -B install
2020-06-03 22:23:49,322 [Worker-62] INFO  o.e.m.c.i.embedder.EclipseLogger - Using 'UTF-8' encoding to copy filtered resources.
2020-06-03 22:23:49,323 [Worker-62] INFO  o.e.m.c.i.embedder.EclipseLogger - Copying 0 resource
2020-06-03 22:23:49,325 [Worker-62] INFO  o.e.m.c.i.embedder.EclipseLogger - Using 'UTF-8' encoding to copy filtered resources.
2020-06-03 22:23:49,325 [Worker-62] INFO  o.e.m.c.i.embedder.EclipseLogger - skip non existing resourceDirectory C:\Users\Fin\Documents\NetBeansProjects\diabetes\src\test\resources
2020-06-03 22:31:06,954 [Worker-65] INFO  o.e.m.c.i.embedder.EclipseLogger - Using 'UTF-8' encoding to copy filtered resources.
2020-06-03 22:31:06,955 [Worker-65] INFO  o.e.m.c.i.embedder.EclipseLogger - Copying 0 resource
2020-06-03 22:31:06,956 [Worker-65] INFO  o.e.m.c.i.embedder.EclipseLogger - Using 'UTF-8' encoding to copy filtered resources.
2020-06-03 22:31:06,956 [Worker-65] INFO  o.e.m.c.i.embedder.EclipseLogger - skip non existing resourceDirectory C:\Users\Fin\Documents\NetBeansProjects\diabetes\src\test\resources
2020-06-03 22:31:08,077 [Worker-62] INFO  o.e.m.c.i.embedder.EclipseLogger - Using 'UTF-8' encoding to copy filtered resources.
2020-06-03 22:31:08,077 [Worker-62] INFO  o.e.m.c.i.embedder.EclipseLogger - Copying 0 resource
2020-06-03 22:31:08,078 [Worker-62] INFO  o.e.m.c.i.embedder.EclipseLogger - Using 'UTF-8' encoding to copy filtered resources.
2020-06-03 22:31:08,078 [Worker-62] INFO  o.e.m.c.i.embedder.EclipseLogger - skip non existing resourceDirectory C:\Users\Fin\Documents\NetBeansProjects\diabetes\src\test\resources
2020-06-03 22:31:36,194 [Worker-59] INFO  o.e.m.i.launch.MavenLaunchDelegate - C:\Users\Fin\Documents\NetBeansProjects\diabetes
2020-06-03 22:31:36,194 [Worker-59] INFO  o.e.m.i.launch.MavenLaunchDelegate -  mvn  -B clean heroku:deploy-war
2020-06-03 22:34:41,147 [Worker-62] INFO  o.e.m.c.i.embedder.EclipseLogger - Using 'UTF-8' encoding to copy filtered resources.
2020-06-03 22:34:41,148 [Worker-62] INFO  o.e.m.c.i.embedder.EclipseLogger - Copying 0 resource
2020-06-03 22:34:41,149 [Worker-62] INFO  o.e.m.c.i.embedder.EclipseLogger - Using 'UTF-8' encoding to copy filtered resources.
2020-06-03 22:34:41,149 [Worker-62] INFO  o.e.m.c.i.embedder.EclipseLogger - skip non existing resourceDirectory C:\Users\Fin\Documents\NetBeansProjects\diabetes\src\test\resources
2020-06-03 22:35:41,142 [Worker-62] INFO  o.e.m.c.i.embedder.EclipseLogger - Using 'UTF-8' encoding to copy filtered resources.
2020-06-03 22:35:41,143 [Worker-62] INFO  o.e.m.c.i.embedder.EclipseLogger - Copying 0 resource
2020-06-03 22:35:41,143 [Worker-62] INFO  o.e.m.c.i.embedder.EclipseLogger - Using 'UTF-8' encoding to copy filtered resources.
2020-06-03 22:35:41,144 [Worker-62] INFO  o.e.m.c.i.embedder.EclipseLogger - skip non existing resourceDirectory C:\Users\Fin\Documents\NetBeansProjects\diabetes\src\test\resources
2020-06-03 22:36:41,249 [Worker-75] INFO  o.e.m.c.i.embedder.EclipseLogger - Using 'UTF-8' encoding to copy filtered resources.
2020-06-03 22:36:41,250 [Worker-75] INFO  o.e.m.c.i.embedder.EclipseLogger - Copying 0 resource
2020-06-03 22:36:41,251 [Worker-75] INFO  o.e.m.c.i.embedder.EclipseLogger - Using 'UTF-8' encoding to copy filtered resources.
2020-06-03 22:36:41,251 [Worker-75] INFO  o.e.m.c.i.embedder.EclipseLogger - skip non existing resourceDirectory C:\Users\Fin\Documents\NetBeansProjects\diabetes\src\test\resources
2020-06-03 22:37:06,725 [Worker-62] INFO  o.e.m.c.i.embedder.EclipseLogger - Using 'UTF-8' encoding to copy filtered resources.
2020-06-03 22:37:06,726 [Worker-62] INFO  o.e.m.c.i.embedder.EclipseLogger - Copying 0 resource
2020-06-03 22:37:06,727 [Worker-62] INFO  o.e.m.c.i.embedder.EclipseLogger - Using 'UTF-8' encoding to copy filtered resources.
2020-06-03 22:37:06,728 [Worker-62] INFO  o.e.m.c.i.embedder.EclipseLogger - skip non existing resourceDirectory C:\Users\Fin\Documents\NetBeansProjects\diabetes\src\test\resources
2020-06-03 22:37:56,183 [Worker-72] INFO  o.e.m.c.i.embedder.EclipseLogger - Using 'UTF-8' encoding to copy filtered resources.
2020-06-03 22:37:56,186 [Worker-72] INFO  o.e.m.c.i.embedder.EclipseLogger - Copying 1 resource
2020-06-03 22:37:56,187 [Worker-72] INFO  o.e.m.c.i.embedder.EclipseLogger - Using 'UTF-8' encoding to copy filtered resources.
2020-06-03 22:37:56,188 [Worker-72] INFO  o.e.m.c.i.embedder.EclipseLogger - skip non existing resourceDirectory C:\Users\Fin\Documents\NetBeansProjects\diabetes\src\test\resources
2020-06-03 22:37:56,188 [Worker-72] INFO  o.e.m.w.i.f.ResourceFilteringBuildParticipant - Changed resources require a complete clean of filtered resources of diabetes
2020-06-03 22:37:56,189 [Worker-72] INFO  o.e.m.w.i.f.ResourceFilteringBuildParticipant - Executing resource filtering for diabetes
2020-06-03 22:37:56,211 [Worker-72] INFO  o.e.m.c.i.embedder.EclipseLogger - Using 'UTF-8' encoding to copy filtered resources.
2020-06-03 22:38:00,799 [Worker-75] INFO  o.e.m.c.i.embedder.EclipseLogger - Using 'UTF-8' encoding to copy filtered resources.
2020-06-03 22:38:00,800 [Worker-75] INFO  o.e.m.c.i.embedder.EclipseLogger - Copying 0 resource
2020-06-03 22:38:00,802 [Worker-75] INFO  o.e.m.c.i.embedder.EclipseLogger - Using 'UTF-8' encoding to copy filtered resources.
2020-06-03 22:38:00,802 [Worker-75] INFO  o.e.m.c.i.embedder.EclipseLogger - skip non existing resourceDirectory C:\Users\Fin\Documents\NetBeansProjects\diabetes\src\test\resources
2020-06-03 22:38:11,213 [Worker-72] INFO  o.e.m.i.launch.MavenLaunchDelegate - C:\Users\Fin\Documents\NetBeansProjects\diabetes
2020-06-03 22:38:11,213 [Worker-72] INFO  o.e.m.i.launch.MavenLaunchDelegate -  mvn  -B clean heroku:deploy-war
2020-06-03 22:43:18,174 [Worker-78] INFO  o.e.m.c.i.embedder.EclipseLogger - Using 'UTF-8' encoding to copy filtered resources.
2020-06-03 22:43:18,175 [Worker-78] INFO  o.e.m.c.i.embedder.EclipseLogger - Copying 0 resource
2020-06-03 22:43:18,177 [Worker-78] INFO  o.e.m.c.i.embedder.EclipseLogger - Using 'UTF-8' encoding to copy filtered resources.
2020-06-03 22:43:18,177 [Worker-78] INFO  o.e.m.c.i.embedder.EclipseLogger - skip non existing resourceDirectory C:\Users\Fin\Documents\NetBeansProjects\diabetes\src\test\resources
2020-06-03 22:43:19,194 [Worker-78] INFO  o.e.m.c.i.embedder.EclipseLogger - Using 'UTF-8' encoding to copy filtered resources.
2020-06-03 22:43:19,195 [Worker-78] INFO  o.e.m.c.i.embedder.EclipseLogger - Copying 0 resource
2020-06-03 22:43:19,196 [Worker-78] INFO  o.e.m.c.i.embedder.EclipseLogger - Using 'UTF-8' encoding to copy filtered resources.
2020-06-03 22:43:19,197 [Worker-78] INFO  o.e.m.c.i.embedder.EclipseLogger - skip non existing resourceDirectory C:\Users\Fin\Documents\NetBeansProjects\diabetes\src\test\resources
2020-06-03 22:43:36,559 [Worker-78] INFO  o.e.m.c.i.embedder.EclipseLogger - Using 'UTF-8' encoding to copy filtered resources.
2020-06-03 22:43:36,559 [Worker-78] INFO  o.e.m.c.i.embedder.EclipseLogger - Copying 0 resource
2020-06-03 22:43:36,560 [Worker-78] INFO  o.e.m.c.i.embedder.EclipseLogger - Using 'UTF-8' encoding to copy filtered resources.
2020-06-03 22:43:36,560 [Worker-78] INFO  o.e.m.c.i.embedder.EclipseLogger - skip non existing resourceDirectory C:\Users\Fin\Documents\NetBeansProjects\diabetes\src\test\resources
2020-06-03 22:43:48,172 [Worker-79] INFO  o.e.m.c.i.embedder.EclipseLogger - Using 'UTF-8' encoding to copy filtered resources.
2020-06-03 22:43:48,173 [Worker-79] INFO  o.e.m.c.i.embedder.EclipseLogger - Copying 0 resource
2020-06-03 22:43:48,174 [Worker-79] INFO  o.e.m.c.i.embedder.EclipseLogger - Using 'UTF-8' encoding to copy filtered resources.
2020-06-03 22:43:48,174 [Worker-79] INFO  o.e.m.c.i.embedder.EclipseLogger - skip non existing resourceDirectory C:\Users\Fin\Documents\NetBeansProjects\diabetes\src\test\resources
2020-06-03 22:44:22,948 [Worker-74] INFO  o.e.m.c.i.embedder.EclipseLogger - Using 'UTF-8' encoding to copy filtered resources.
2020-06-03 22:44:22,950 [Worker-74] INFO  o.e.m.c.i.embedder.EclipseLogger - Copying 1 resource
2020-06-03 22:44:22,952 [Worker-74] INFO  o.e.m.c.i.embedder.EclipseLogger - Using 'UTF-8' encoding to copy filtered resources.
2020-06-03 22:44:22,952 [Worker-74] INFO  o.e.m.c.i.embedder.EclipseLogger - skip non existing resourceDirectory C:\Users\Fin\Documents\NetBeansProjects\diabetes\src\test\resources
2020-06-03 22:44:35,719 [Worker-74] INFO  o.e.m.i.launch.MavenLaunchDelegate - C:\Users\Fin\Documents\NetBeansProjects\diabetes
2020-06-03 22:44:35,719 [Worker-74] INFO  o.e.m.i.launch.MavenLaunchDelegate -  mvn  -B clean heroku:deploy-war
2020-06-03 22:49:19,668 [Worker-75] INFO  o.e.m.c.i.embedder.EclipseLogger - Using 'UTF-8' encoding to copy filtered resources.
2020-06-03 22:49:19,669 [Worker-75] INFO  o.e.m.c.i.embedder.EclipseLogger - Copying 0 resource
2020-06-03 22:49:19,670 [Worker-75] INFO  o.e.m.c.i.embedder.EclipseLogger - Using 'UTF-8' encoding to copy filtered resources.
2020-06-03 22:49:19,671 [Worker-75] INFO  o.e.m.c.i.embedder.EclipseLogger - skip non existing resourceDirectory C:\Users\Fin\Documents\NetBeansProjects\diabetes\src\test\resources
2020-06-03 22:49:40,779 [Worker-82] INFO  o.e.m.i.launch.MavenLaunchDelegate - C:\Users\Fin\Documents\NetBeansProjects\diabetes
2020-06-03 22:49:40,779 [Worker-82] INFO  o.e.m.i.launch.MavenLaunchDelegate -  mvn  -B clean heroku:deploy-war
2020-06-03 23:45:52,817 [Worker-89] INFO  o.e.m.c.i.embedder.EclipseLogger - Using 'UTF-8' encoding to copy filtered resources.
2020-06-03 23:45:52,819 [Worker-89] INFO  o.e.m.c.i.embedder.EclipseLogger - Copying 1 resource
2020-06-03 23:45:52,820 [Worker-89] INFO  o.e.m.c.i.embedder.EclipseLogger - Using 'UTF-8' encoding to copy filtered resources.
2020-06-03 23:45:52,820 [Worker-89] INFO  o.e.m.c.i.embedder.EclipseLogger - skip non existing resourceDirectory C:\Users\Fin\Documents\NetBeansProjects\diabetes\src\test\resources
2020-06-04 19:04:53,858 [Worker-3] INFO  o.e.m.c.i.embedder.EclipseLogger - Using 'UTF-8' encoding to copy filtered resources.
2020-06-04 19:04:53,873 [Worker-3] INFO  o.e.m.c.i.embedder.EclipseLogger - Copying 1 resource
2020-06-04 19:04:53,891 [Worker-3] INFO  o.e.m.c.i.embedder.EclipseLogger - Using 'UTF-8' encoding to copy filtered resources.
2020-06-04 19:04:53,891 [Worker-3] INFO  o.e.m.c.i.embedder.EclipseLogger - skip non existing resourceDirectory C:\Users\Fin\Documents\NetBeansProjects\diabetes\src\test\resources
2020-06-04 19:06:26,191 [Worker-9] INFO  o.e.m.c.i.l.LifecycleMappingFactory - Using org.maven.ide.eclipse.wtp.WarLifecycleMapping lifecycle mapping for MavenProject: com.city.rest:diabetes:1.0-SNAPSHOT @ C:\Users\Fin\Documents\NetBeansProjects\diabetes\pom.xml.
2020-06-04 19:06:28,880 [Worker-9] INFO  o.e.m.c.i.embedder.EclipseLogger - Using 'UTF-8' encoding to copy filtered resources.
2020-06-04 19:06:28,881 [Worker-9] INFO  o.e.m.c.i.embedder.EclipseLogger - Copying 0 resource
2020-06-04 19:06:28,883 [Worker-9] INFO  o.e.m.c.i.embedder.EclipseLogger - Using 'UTF-8' encoding to copy filtered resources.
2020-06-04 19:06:28,883 [Worker-9] INFO  o.e.m.c.i.embedder.EclipseLogger - skip non existing resourceDirectory C:\Users\Fin\Documents\NetBeansProjects\diabetes\src\test\resources
2020-06-04 19:06:28,884 [Worker-9] INFO  o.e.m.w.i.f.ResourceFilteringBuildParticipant - Changed resources require a complete clean of filtered resources of diabetes
2020-06-04 19:06:28,884 [Worker-9] INFO  o.e.m.w.i.f.ResourceFilteringBuildParticipant - Executing resource filtering for diabetes
2020-06-04 19:06:28,981 [Worker-9] INFO  o.e.m.c.i.embedder.EclipseLogger - Using 'UTF-8' encoding to copy filtered resources.
2020-06-04 19:25:08,251 [Worker-12] INFO  o.e.m.c.i.l.LifecycleMappingFactory - Using org.maven.ide.eclipse.wtp.WarLifecycleMapping lifecycle mapping for MavenProject: com.city.rest:diabetes:1.0-SNAPSHOT @ C:\Users\Fin\Documents\NetBeansProjects\diabetes\pom.xml.
2020-06-04 19:25:13,426 [Worker-12] INFO  o.e.m.c.i.embedder.EclipseLogger - Using 'UTF-8' encoding to copy filtered resources.
2020-06-04 19:25:13,436 [Worker-12] INFO  o.e.m.c.i.embedder.EclipseLogger - Copying 1 resource
2020-06-04 19:25:13,452 [Worker-12] INFO  o.e.m.c.i.embedder.EclipseLogger - Using 'UTF-8' encoding to copy filtered resources.
2020-06-04 19:25:13,453 [Worker-12] INFO  o.e.m.c.i.embedder.EclipseLogger - skip non existing resourceDirectory C:\Users\Fin\Documents\NetBeansProjects\diabetes\src\test\resources
2020-06-04 19:25:13,458 [Worker-12] INFO  o.e.m.w.i.f.ResourceFilteringBuildParticipant - Changed resources require a complete clean of filtered resources of diabetes
2020-06-04 19:25:13,460 [Worker-12] INFO  o.e.m.w.i.f.ResourceFilteringBuildParticipant - Executing resource filtering for diabetes
2020-06-04 19:25:13,561 [Worker-12] INFO  o.e.m.c.i.embedder.EclipseLogger - Using 'UTF-8' encoding to copy filtered resources.
2020-06-04 19:25:36,004 [Worker-3] INFO  o.e.m.c.i.embedder.EclipseLogger - Using 'UTF-8' encoding to copy filtered resources.
2020-06-04 19:25:36,019 [Worker-3] INFO  o.e.m.c.i.embedder.EclipseLogger - Copying 1 resource
2020-06-04 19:25:36,022 [Worker-3] INFO  o.e.m.c.i.embedder.EclipseLogger - Using 'UTF-8' encoding to copy filtered resources.
2020-06-04 19:25:36,022 [Worker-3] INFO  o.e.m.c.i.embedder.EclipseLogger - skip non existing resourceDirectory C:\Users\Fin\Documents\NetBeansProjects\diabetes\src\test\resources
2020-06-04 19:26:09,996 [Worker-14] INFO  o.e.m.i.launch.MavenLaunchDelegate - C:\Users\Fin\Documents\NetBeansProjects\diabetes
2020-06-04 19:26:09,997 [Worker-14] INFO  o.e.m.i.launch.MavenLaunchDelegate -  mvn  -B install
2020-06-04 19:26:16,910 [Worker-1] INFO  o.e.m.c.i.embedder.EclipseLogger - Using 'UTF-8' encoding to copy filtered resources.
